<?xml version="1.0" encoding="UTF-8"?>
<testng-results skipped="0" failed="0" total="1" passed="1">
  <reporter-output>
  </reporter-output>
  <suite name="Suite" duration-ms="35" started-at="2018-02-03T08:31:20Z" finished-at="2018-02-03T08:31:20Z">
    <groups>
    </groups>
    <test name="Test" duration-ms="35" started-at="2018-02-03T08:31:20Z" finished-at="2018-02-03T08:31:20Z">
      <class name="DemoProject.DemoProject.DemoClass">
        <test-method status="PASS" signature="demoProject()[pri:0, instance:DemoProject.DemoProject.DemoClass@96532d6]" name="demoProject" duration-ms="14" started-at="2018-02-03T14:01:20Z" finished-at="2018-02-03T14:01:20Z">
          <reporter-output>
          </reporter-output>
        </test-method> <!-- demoProject -->
      </class> <!-- DemoProject.DemoProject.DemoClass -->
    </test> <!-- Test -->
  </suite> <!-- Suite -->
</testng-results>
